shareLearn/build/outputs/logs/manifest-merger-release-report.txt
-- Merging decision tree log ---
manifest
ADDED from src\main\AndroidManifest.xml:2:1-297:12
	package
		ADDED from src\main\AndroidManifest.xml:5:11-36
		INJECTED from src\main\AndroidManifest.xml
		INJECTED from src\main\AndroidManifest.xml
	android:versionName
		ADDED from src\main\AndroidManifest.xml:7:11-39
		INJECTED from src\main\AndroidManifest.xml
		INJECTED from src\main\AndroidManifest.xml
	tools:overrideLibrary
		ADDED from src\main\AndroidManifest.xml:4:11-54
	xmlns:tools
		ADDED from src\main\AndroidManifest.xml:3:11-57
	android:versionCode
		ADDED from src\main\AndroidManifest.xml:6:11-34
		INJECTED from src\main\AndroidManifest.xml
		INJECTED from src\main\AndroidManifest.xml
	xmlns:android
		ADDED from src\main\AndroidManifest.xml:2:11-69
uses-sdk
ADDED from src\main\AndroidManifest.xml:8:5-43
MERGED from [KZGitApplication:payDemo:unspecified] AndroidManifest.xml:8:5-11:39
MERGED from [com.android.support:support-v4:23.4.0] AndroidManifest.xml:20:5-43
MERGED from [com.android.support:support-v13:23.4.0] AndroidManifest.xml:20:5-44
MERGED from [com.android.support:support-v4:23.4.0] AndroidManifest.xml:20:5-43
	android:targetSdkVersion
		INJECTED from src\main\AndroidManifest.xml
		INJECTED from src\main\AndroidManifest.xml
	tools:ignore
		ADDED from [KZGitApplication:payDemo:unspecified] AndroidManifest.xml:11:9-36
	android:minSdkVersion
		ADDED from src\main\AndroidManifest.xml:8:15-41
		INJECTED from src\main\AndroidManifest.xml
		INJECTED from src\main\AndroidManifest.xml
uses-permission#android.permission.ACCESS_NETWORK_STATE
ADDED from src\main\AndroidManifest.xml:9:5-95
MERGED from [KZGitApplication:payDemo:unspecified] AndroidManifest.xml:14:5-79
	android:name
		ADDED from src\main\AndroidManifest.xml:9:22-76
uses-permission#android.permission.ACCESS_COARSE_LOCATION
ADDED from src\main\AndroidManifest.xml:10:5-81
	android:name
		ADDED from src\main\AndroidManifest.xml:10:22-78
uses-permission#android.permission.ACCESS_FINE_LOCATION
ADDED from src\main\AndroidManifest.xml:11:5-79
	android:name
		ADDED from src\main\AndroidManifest.xml:11:22-76
uses-permission#android.permission.ACCESS_WIFI_STATE
ADDED from src\main\AndroidManifest.xml:12:5-76
MERGED from [KZGitApplication:payDemo:unspecified] AndroidManifest.xml:15:5-76
	android:name
		ADDED from src\main\AndroidManifest.xml:12:22-73
uses-permission#android.permission.CHANGE_WIFI_STATE
ADDED from src\main\AndroidManifest.xml:14:5-76
	android:name
		ADDED from src\main\AndroidManifest.xml:14:22-73
uses-permission#android.permission.READ_PHONE_STATE
ADDED from src\main\AndroidManifest.xml:15:5-75
MERGED from [KZGitApplication:payDemo:unspecified] AndroidManifest.xml:16:5-75
	android:name
		ADDED from src\main\AndroidManifest.xml:15:22-72
uses-permission#android.permission.WRITE_EXTERNAL_STORAGE
ADDED from src\main\AndroidManifest.xml:16:5-81
MERGED from [KZGitApplication:payDemo:unspecified] AndroidManifest.xml:17:5-81
	android:name
		ADDED from src\main\AndroidManifest.xml:16:22-78
uses-permission#android.permission.INTERNET
ADDED from src\main\AndroidManifest.xml:17:5-67
MERGED from [KZGitApplication:payDemo:unspecified] AndroidManifest.xml:13:5-67
	android:name
		ADDED from src\main\AndroidManifest.xml:17:22-64
uses-permission#android.permission.MOUNT_UNMOUNT_FILESYSTEMS
ADDED from src\main\AndroidManifest.xml:18:5-83
	android:name
		ADDED from src\main\AndroidManifest.xml:18:22-81
uses-permission#android.permission.READ_LOGS
ADDED from src\main\AndroidManifest.xml:19:5-68
	android:name
		ADDED from src\main\AndroidManifest.xml:19:22-65
uses-permission#android.permission.VIBRATE
ADDED from src\main\AndroidManifest.xml:20:5-66
	android:name
		ADDED from src\main\AndroidManifest.xml:20:22-63
uses-permission#android.permission.WAKE_LOCK
ADDED from src\main\AndroidManifest.xml:21:5-68
	android:name
		ADDED from src\main\AndroidManifest.xml:21:22-65
uses-permission#android.permission.WRITE_SETTINGS
ADDED from src\main\AndroidManifest.xml:22:5-73
	android:name
		ADDED from src\main\AndroidManifest.xml:22:22-70
uses-permission#android.permission.CALL_PHONE
ADDED from src\main\AndroidManifest.xml:25:5-85
	android:name
		ADDED from src\main\AndroidManifest.xml:25:22-66
permission#com.share.learn.permission.JPUSH_MESSAGE
ADDED from src\main\AndroidManifest.xml:27:5-29:51
	android:protectionLevel
		ADDED from src\main\AndroidManifest.xml:29:13-48
	android:name
		ADDED from src\main\AndroidManifest.xml:28:13-68
uses-permission#com.share.learn.permission.JPUSH_MESSAGE
ADDED from src\main\AndroidManifest.xml:30:5-80
	android:name
		ADDED from src\main\AndroidManifest.xml:30:22-77
uses-permission#android.permission.RECEIVE_USER_PRESENT
ADDED from src\main\AndroidManifest.xml:31:5-79
	android:name
		ADDED from src\main\AndroidManifest.xml:31:22-76
uses-permission#android.permission.READ_EXTERNAL_STORAGE
ADDED from src\main\AndroidManifest.xml:36:5-80
	android:name
		ADDED from src\main\AndroidManifest.xml:36:22-77
uses-permission#android.permission.SYSTEM_ALERT_WINDOW
ADDED from src\main\AndroidManifest.xml:42:5-77
	android:name
		ADDED from src\main\AndroidManifest.xml:42:22-75
uses-permission#android.permission.ACCESS_LOCATION_EXTRA_COMMANDS
ADDED from src\main\AndroidManifest.xml:50:5-89
	android:name
		ADDED from src\main\AndroidManifest.xml:50:22-86
uses-permission#android.permission.CHANGE_NETWORK_STATE
ADDED from src\main\AndroidManifest.xml:51:5-79
	android:name
		ADDED from src\main\AndroidManifest.xml:51:22-76
application
ADDED from src\main\AndroidManifest.xml:53:5-296:19
MERGED from [KZGitApplication:payDemo:unspecified] AndroidManifest.xml:26:5-61:19
MERGED from [com.android.support:support-v4:23.4.0] AndroidManifest.xml:22:5-20
MERGED from [com.android.support:support-v13:23.4.0] AndroidManifest.xml:22:5-20
MERGED from [com.android.support:support-v4:23.4.0] AndroidManifest.xml:22:5-20
	android:label
		ADDED from src\main\AndroidManifest.xml:53:18-50
	android:allowBackup
		ADDED from src\main\AndroidManifest.xml:57:18-44
	android:icon
		ADDED from src\main\AndroidManifest.xml:54:18-54
	android:theme
		ADDED from src\main\AndroidManifest.xml:55:18-65
		REJECTED from [KZGitApplication:payDemo:unspecified] AndroidManifest.xml:29:9-62
	tools:replace
		ADDED from src\main\AndroidManifest.xml:58:18-47
	android:name
		ADDED from src\main\AndroidManifest.xml:56:18-55
service#com.baidu.location.f
ADDED from src\main\AndroidManifest.xml:60:9-68:19
	android:enabled
		ADDED from src\main\AndroidManifest.xml:62:17-39
	android:process
		ADDED from src\main\AndroidManifest.xml:63:17-42
	android:name
		ADDED from src\main\AndroidManifest.xml:61:17-52
intent-filter#com.baidu.location.service_v2.2
ADDED from src\main\AndroidManifest.xml:64:13-67:29
action#com.baidu.location.service_v2.2
ADDED from src\main\AndroidManifest.xml:65:17-66:26
	android:name
		ADDED from src\main\AndroidManifest.xml:65:25-71
meta-data#com.baidu.lbsapi.API_KEY
ADDED from src\main\AndroidManifest.xml:69:9-71:60
	android:value
		ADDED from src\main\AndroidManifest.xml:71:17-57
	android:name
		ADDED from src\main\AndroidManifest.xml:70:17-56
activity#com.share.learn.activity.SplashActivity
ADDED from src\main\AndroidManifest.xml:73:9-85:20
	android:label
		ADDED from src\main\AndroidManifest.xml:74:19-51
	android:name
		ADDED from src\main\AndroidManifest.xml:73:19-58
intent-filter#android.intent.action.MAIN+android.intent.category.LAUNCHER
ADDED from src\main\AndroidManifest.xml:76:13-79:29
action#android.intent.action.MAIN
ADDED from src\main\AndroidManifest.xml:77:17-68
	android:name
		ADDED from src\main\AndroidManifest.xml:77:25-66
category#android.intent.category.LAUNCHER
ADDED from src\main\AndroidManifest.xml:78:17-76
	android:name
		ADDED from src\main\AndroidManifest.xml:78:27-74
intent-filter#android.intent.action.VIEW+android.intent.category.DEFAULT
ADDED from src\main\AndroidManifest.xml:80:13-84:29
action#android.intent.action.VIEW
ADDED from src\main\AndroidManifest.xml:81:17-68
	android:name
		ADDED from src\main\AndroidManifest.xml:81:25-66
category#android.intent.category.DEFAULT
ADDED from src\main\AndroidManifest.xml:82:17-75
	android:name
		ADDED from src\main\AndroidManifest.xml:82:27-73
data
ADDED from src\main\AndroidManifest.xml:83:17-60
	android:scheme
		ADDED from src\main\AndroidManifest.xml:83:23-58
activity#com.share.learn.activity.GuideActivity
ADDED from src\main\AndroidManifest.xml:87:9-88:57
	android:screenOrientation
		ADDED from src\main\AndroidManifest.xml:88:19-55
	android:name
		ADDED from src\main\AndroidManifest.xml:87:19-57
activity#com.share.learn.activity.MainActivity
ADDED from src\main\AndroidManifest.xml:89:9-90:57
	android:screenOrientation
		ADDED from src\main\AndroidManifest.xml:90:19-55
	android:name
		ADDED from src\main\AndroidManifest.xml:89:19-56
activity#com.share.learn.activity.ChooseCityActivity
ADDED from src\main\AndroidManifest.xml:91:9-92:57
	android:screenOrientation
		ADDED from src\main\AndroidManifest.xml:92:19-55
	android:name
		ADDED from src\main\AndroidManifest.xml:91:19-62
activity#com.share.learn.activity.home.SearchActivity
ADDED from src\main\AndroidManifest.xml:93:9-94:57
	android:screenOrientation
		ADDED from src\main\AndroidManifest.xml:94:19-55
	android:name
		ADDED from src\main\AndroidManifest.xml:93:19-63
activity#com.share.learn.activity.teacher.TeacherDetailActivity
ADDED from src\main\AndroidManifest.xml:95:9-96:57
	android:screenOrientation
		ADDED from src\main\AndroidManifest.xml:96:19-55
	android:name
		ADDED from src\main\AndroidManifest.xml:95:19-73
activity#com.share.learn.activity.home.ChooseActivity
ADDED from src\main\AndroidManifest.xml:97:9-98:57
	android:screenOrientation
		ADDED from src\main\AndroidManifest.xml:98:19-55
	android:name
		ADDED from src\main\AndroidManifest.xml:97:19-63
activity#com.share.learn.activity.teacher.ChooseJoinorActivity
ADDED from src\main\AndroidManifest.xml:99:9-100:57
	android:screenOrientation
		ADDED from src\main\AndroidManifest.xml:100:19-55
	android:name
		ADDED from src\main\AndroidManifest.xml:99:19-72
activity#com.share.learn.activity.teacher.ChooseTeacherActivity
ADDED from src\main\AndroidManifest.xml:101:9-102:57
	android:screenOrientation
		ADDED from src\main\AndroidManifest.xml:102:19-55
	android:name
		ADDED from src\main\AndroidManifest.xml:101:19-73
activity#com.share.learn.activity.center.PCenterInfoUserActivity
ADDED from src\main\AndroidManifest.xml:103:9-104:57
	android:screenOrientation
		ADDED from src\main\AndroidManifest.xml:104:19-55
	android:name
		ADDED from src\main\AndroidManifest.xml:103:19-74
activity#com.share.learn.activity.center.PCenterModifyInfoActivity
ADDED from src\main\AndroidManifest.xml:105:9-106:57
	android:screenOrientation
		ADDED from src\main\AndroidManifest.xml:106:19-55
	android:name
		ADDED from src\main\AndroidManifest.xml:105:19-76
activity#com.share.learn.activity.center.OrderActivity
ADDED from src\main\AndroidManifest.xml:107:9-108:57
	android:screenOrientation
		ADDED from src\main\AndroidManifest.xml:108:19-55
	android:name
		ADDED from src\main\AndroidManifest.xml:107:19-64
activity#com.share.learn.activity.center.WalletActivity
ADDED from src\main\AndroidManifest.xml:109:9-110:57
	android:screenOrientation
		ADDED from src\main\AndroidManifest.xml:110:19-55
	android:name
		ADDED from src\main\AndroidManifest.xml:109:19-65
activity#com.share.learn.activity.center.RechargeActivity
ADDED from src\main\AndroidManifest.xml:111:9-112:57
	android:screenOrientation
		ADDED from src\main\AndroidManifest.xml:112:19-55
	android:name
		ADDED from src\main\AndroidManifest.xml:111:19-67
activity#com.share.learn.activity.center.DetailActivity
ADDED from src\main\AndroidManifest.xml:113:9-114:57
	android:screenOrientation
		ADDED from src\main\AndroidManifest.xml:114:19-55
	android:name
		ADDED from src\main\AndroidManifest.xml:113:19-65
activity#com.share.learn.activity.center.OrderDetailActivity
ADDED from src\main\AndroidManifest.xml:115:9-116:57
	android:screenOrientation
		ADDED from src\main\AndroidManifest.xml:116:19-55
	android:name
		ADDED from src\main\AndroidManifest.xml:115:19-70
activity#com.share.learn.activity.center.FeedBackActivity
ADDED from src\main\AndroidManifest.xml:117:9-118:57
	android:screenOrientation
		ADDED from src\main\AndroidManifest.xml:118:19-55
	android:name
		ADDED from src\main\AndroidManifest.xml:117:19-67
activity#com.share.learn.activity.center.SettingActivity
ADDED from src\main\AndroidManifest.xml:119:9-120:57
	android:screenOrientation
		ADDED from src\main\AndroidManifest.xml:120:19-55
	android:name
		ADDED from src\main\AndroidManifest.xml:119:19-66
activity#com.share.learn.activity.center.ServiceProtocolActivity
ADDED from src\main\AndroidManifest.xml:121:9-122:57
	android:screenOrientation
		ADDED from src\main\AndroidManifest.xml:122:19-55
	android:name
		ADDED from src\main\AndroidManifest.xml:121:19-74
activity#com.share.learn.activity.center.SystemMsgActivity
ADDED from src\main\AndroidManifest.xml:123:9-124:57
	android:screenOrientation
		ADDED from src\main\AndroidManifest.xml:124:19-55
	android:name
		ADDED from src\main\AndroidManifest.xml:123:19-68
activity#com.share.learn.activity.center.ResetPassActivity
ADDED from src\main\AndroidManifest.xml:125:9-126:57
	android:screenOrientation
		ADDED from src\main\AndroidManifest.xml:126:19-55
	android:name
		ADDED from src\main\AndroidManifest.xml:125:19-68
activity#com.share.learn.activity.center.PurchaseCourseActivity
ADDED from src\main\AndroidManifest.xml:127:9-128:57
	android:screenOrientation
		ADDED from src\main\AndroidManifest.xml:128:19-55
	android:name
		ADDED from src\main\AndroidManifest.xml:127:19-73
activity#com.share.learn.activity.teacher.ChatMsgActivity
ADDED from src\main\AndroidManifest.xml:129:9-132:21
	android:screenOrientation
		ADDED from src\main\AndroidManifest.xml:130:19-55
	android:windowSoftInputMode
		ADDED from src\main\AndroidManifest.xml:131:19-74
	android:name
		ADDED from src\main\AndroidManifest.xml:129:19-67
activity#com.share.learn.activity.login.RegisterActivity
ADDED from src\main\AndroidManifest.xml:133:9-134:57
	android:screenOrientation
		ADDED from src\main\AndroidManifest.xml:134:19-55
	android:name
		ADDED from src\main\AndroidManifest.xml:133:19-66
activity#com.share.learn.activity.login.LoginActivity
ADDED from src\main\AndroidManifest.xml:135:9-137:57
	android:screenOrientation
		ADDED from src\main\AndroidManifest.xml:137:19-55
	android:launchMode
		ADDED from src\main\AndroidManifest.xml:136:19-50
	android:name
		ADDED from src\main\AndroidManifest.xml:135:19-63
activity#com.share.learn.activity.login.ForgetPassActivity
ADDED from src\main\AndroidManifest.xml:138:9-139:57
	android:screenOrientation
		ADDED from src\main\AndroidManifest.xml:139:19-55
	android:name
		ADDED from src\main\AndroidManifest.xml:138:19-68
activity#com.share.learn.activity.teacher.EvaluateActivity
ADDED from src\main\AndroidManifest.xml:140:9-141:57
	android:screenOrientation
		ADDED from src\main\AndroidManifest.xml:141:19-55
	android:name
		ADDED from src\main\AndroidManifest.xml:140:19-68
activity#com.share.learn.activity.center.WidthDrawActivity
ADDED from src\main\AndroidManifest.xml:142:9-143:57
	android:screenOrientation
		ADDED from src\main\AndroidManifest.xml:143:19-55
	android:name
		ADDED from src\main\AndroidManifest.xml:142:19-68
activity#com.share.learn.activity.home.MsgChooseActivity
ADDED from src\main\AndroidManifest.xml:144:9-145:57
	android:screenOrientation
		ADDED from src\main\AndroidManifest.xml:145:19-55
	android:name
		ADDED from src\main\AndroidManifest.xml:144:19-66
activity#cn.jpush.android.ui.PopWinActivity
ADDED from src\main\AndroidManifest.xml:150:9-154:20
	android:exported
		ADDED from src\main\AndroidManifest.xml:153:17-41
	android:theme
		ADDED from src\main\AndroidManifest.xml:152:17-53
	android:name
		ADDED from src\main\AndroidManifest.xml:151:17-66
activity#cn.jpush.android.ui.PushActivity
ADDED from src\main\AndroidManifest.xml:157:9-167:20
	android:exported
		ADDED from src\main\AndroidManifest.xml:161:17-41
	android:configChanges
		ADDED from src\main\AndroidManifest.xml:159:17-67
	android:theme
		ADDED from src\main\AndroidManifest.xml:160:17-64
	android:name
		ADDED from src\main\AndroidManifest.xml:158:17-64
intent-filter#android.intent.category.DEFAULT+cn.jpush.android.ui.PushActivity+com.share.learn
ADDED from src\main\AndroidManifest.xml:162:13-166:29
action#cn.jpush.android.ui.PushActivity
ADDED from src\main\AndroidManifest.xml:163:17-75
	android:name
		ADDED from src\main\AndroidManifest.xml:163:25-72
category#com.share.learn
ADDED from src\main\AndroidManifest.xml:165:17-60
	android:name
		ADDED from src\main\AndroidManifest.xml:165:27-57
service#cn.jpush.android.service.DownloadService
ADDED from src\main\AndroidManifest.xml:169:9-173:19
	android:enabled
		ADDED from src\main\AndroidManifest.xml:171:17-39
	android:exported
		ADDED from src\main\AndroidManifest.xml:172:17-41
	android:name
		ADDED from src\main\AndroidManifest.xml:170:17-72
service#cn.jpush.android.service.PushService
ADDED from src\main\AndroidManifest.xml:178:9-188:19
	android:enabled
		ADDED from src\main\AndroidManifest.xml:180:17-39
	android:exported
		ADDED from src\main\AndroidManifest.xml:181:17-41
	android:name
		ADDED from src\main\AndroidManifest.xml:179:17-68
intent-filter#cn.jpush.android.intent.PUSH_TIME+cn.jpush.android.intent.PushService+cn.jpush.android.intent.REGISTER+cn.jpush.android.intent.REPORT
ADDED from src\main\AndroidManifest.xml:182:13-187:29
action#cn.jpush.android.intent.REGISTER
ADDED from src\main\AndroidManifest.xml:183:17-75
	android:name
		ADDED from src\main\AndroidManifest.xml:183:25-72
action#cn.jpush.android.intent.REPORT
ADDED from src\main\AndroidManifest.xml:184:17-73
	android:name
		ADDED from src\main\AndroidManifest.xml:184:25-70
action#cn.jpush.android.intent.PushService
ADDED from src\main\AndroidManifest.xml:185:17-78
	android:name
		ADDED from src\main\AndroidManifest.xml:185:25-75
action#cn.jpush.android.intent.PUSH_TIME
ADDED from src\main\AndroidManifest.xml:186:17-76
	android:name
		ADDED from src\main\AndroidManifest.xml:186:25-73
service#cn.jpush.android.service.DaemonService
ADDED from src\main\AndroidManifest.xml:192:9-201:19
	android:enabled
		ADDED from src\main\AndroidManifest.xml:194:17-39
	android:exported
		ADDED from src\main\AndroidManifest.xml:195:17-40
	android:name
		ADDED from src\main\AndroidManifest.xml:193:17-70
intent-filter#cn.jpush.android.intent.DaemonService+com.share.learn
ADDED from src\main\AndroidManifest.xml:196:13-199:29
action#cn.jpush.android.intent.DaemonService
ADDED from src\main\AndroidManifest.xml:197:17-80
	android:name
		ADDED from src\main\AndroidManifest.xml:197:25-77
receiver#cn.jpush.android.service.PushReceiver
ADDED from src\main\AndroidManifest.xml:204:9-223:20
	android:enabled
		ADDED from src\main\AndroidManifest.xml:206:17-39
	android:exported
		ADDED from src\main\AndroidManifest.xml:207:17-41
	android:name
		ADDED from src\main\AndroidManifest.xml:205:17-69
intent-filter#cn.jpush.android.intent.NOTIFICATION_RECEIVED_PROXY+com.share.learn
ADDED from src\main\AndroidManifest.xml:208:13-211:29
	android:priority
		ADDED from src\main\AndroidManifest.xml:208:28-51
action#cn.jpush.android.intent.NOTIFICATION_RECEIVED_PROXY
ADDED from src\main\AndroidManifest.xml:209:17-94
	android:name
		ADDED from src\main\AndroidManifest.xml:209:25-91
intent-filter#android.intent.action.USER_PRESENT+android.net.conn.CONNECTIVITY_CHANGE
ADDED from src\main\AndroidManifest.xml:212:13-215:29
action#android.intent.action.USER_PRESENT
ADDED from src\main\AndroidManifest.xml:213:17-77
	android:name
		ADDED from src\main\AndroidManifest.xml:213:25-74
action#android.net.conn.CONNECTIVITY_CHANGE
ADDED from src\main\AndroidManifest.xml:214:17-79
	android:name
		ADDED from src\main\AndroidManifest.xml:214:25-76
intent-filter#android.intent.action.PACKAGE_ADDED+android.intent.action.PACKAGE_REMOVED
ADDED from src\main\AndroidManifest.xml:217:13-221:29
action#android.intent.action.PACKAGE_ADDED
ADDED from src\main\AndroidManifest.xml:218:17-78
	android:name
		ADDED from src\main\AndroidManifest.xml:218:25-75
action#android.intent.action.PACKAGE_REMOVED
ADDED from src\main\AndroidManifest.xml:219:17-80
	android:name
		ADDED from src\main\AndroidManifest.xml:219:25-77
receiver#cn.jpush.android.service.AlarmReceiver
ADDED from src\main\AndroidManifest.xml:226:9-99
	android:exported
		ADDED from src\main\AndroidManifest.xml:226:73-97
	android:name
		ADDED from src\main\AndroidManifest.xml:226:19-72
receiver#com.share.learn.service.MyReceiver
ADDED from src\main\AndroidManifest.xml:229:9-243:20
	android:enabled
		ADDED from src\main\AndroidManifest.xml:232:17-39
	android:exported
		ADDED from src\main\AndroidManifest.xml:231:17-41
	android:name
		ADDED from src\main\AndroidManifest.xml:230:17-66
intent-filter#cn.jpush.android.intent.ACTION_RICHPUSH_CALLBACK+cn.jpush.android.intent.CONNECTION+cn.jpush.android.intent.MESSAGE_RECEIVED+cn.jpush.android.intent.NOTIFICATION_OPENED+cn.jpush.android.intent.NOTIFICATION_RECEIVED+cn.jpush.android.intent.REGISTRATION+cn.jpush.android.intent.UNREGISTRATION+com.share.learn
ADDED from src\main\AndroidManifest.xml:233:13-242:29
action#cn.jpush.android.intent.REGISTRATION
ADDED from src\main\AndroidManifest.xml:234:17-79
	android:name
		ADDED from src\main\AndroidManifest.xml:234:25-76
action#cn.jpush.android.intent.UNREGISTRATION
ADDED from src\main\AndroidManifest.xml:235:17-81
	android:name
		ADDED from src\main\AndroidManifest.xml:235:25-78
action#cn.jpush.android.intent.MESSAGE_RECEIVED
ADDED from src\main\AndroidManifest.xml:236:17-83
	android:name
		ADDED from src\main\AndroidManifest.xml:236:25-80
action#cn.jpush.android.intent.NOTIFICATION_RECEIVED
ADDED from src\main\AndroidManifest.xml:237:17-88
	android:name
		ADDED from src\main\AndroidManifest.xml:237:25-85
action#cn.jpush.android.intent.NOTIFICATION_OPENED
ADDED from src\main\AndroidManifest.xml:238:17-86
	android:name
		ADDED from src\main\AndroidManifest.xml:238:25-83
action#cn.jpush.android.intent.ACTION_RICHPUSH_CALLBACK
ADDED from src\main\AndroidManifest.xml:239:17-91
	android:name
		ADDED from src\main\AndroidManifest.xml:239:25-88
action#cn.jpush.android.intent.CONNECTION
ADDED from src\main\AndroidManifest.xml:240:17-77
	android:name
		ADDED from src\main\AndroidManifest.xml:240:25-74
meta-data#JPUSH_CHANNEL
ADDED from src\main\AndroidManifest.xml:247:9-84
	android:value
		ADDED from src\main\AndroidManifest.xml:247:49-82
	android:name
		ADDED from src\main\AndroidManifest.xml:247:20-48
meta-data#JPUSH_APPKEY
ADDED from src\main\AndroidManifest.xml:248:9-91
	android:value
		ADDED from src\main\AndroidManifest.xml:248:48-88
	android:name
		ADDED from src\main\AndroidManifest.xml:248:20-47
activity#com.share.learn.activity.TeacherMainActivity
ADDED from src\main\AndroidManifest.xml:252:9-253:57
	android:screenOrientation
		ADDED from src\main\AndroidManifest.xml:253:19-55
	android:name
		ADDED from src\main\AndroidManifest.xml:252:19-63
activity#com.share.learn.activity.home.TeacherCertifyActivity
ADDED from src\main\AndroidManifest.xml:254:9-255:57
	android:screenOrientation
		ADDED from src\main\AndroidManifest.xml:255:19-55
	android:name
		ADDED from src\main\AndroidManifest.xml:254:19-71
activity#com.share.learn.activity.home.IDCardCertifyActivity
ADDED from src\main\AndroidManifest.xml:256:9-257:57
	android:screenOrientation
		ADDED from src\main\AndroidManifest.xml:257:19-55
	android:name
		ADDED from src\main\AndroidManifest.xml:256:19-70
activity#com.share.learn.activity.teacher.SchoolCertifyActivity
ADDED from src\main\AndroidManifest.xml:258:9-259:57
	android:screenOrientation
		ADDED from src\main\AndroidManifest.xml:259:19-55
	android:name
		ADDED from src\main\AndroidManifest.xml:258:19-73
activity#com.share.learn.activity.center.WithdrawTypeActivity
ADDED from src\main\AndroidManifest.xml:260:9-261:57
	android:screenOrientation
		ADDED from src\main\AndroidManifest.xml:261:19-55
	android:name
		ADDED from src\main\AndroidManifest.xml:260:19-71
activity#com.alipay.sdk.app.H5PayActivity
ADDED from src\main\AndroidManifest.xml:264:9-270:20
MERGED from [KZGitApplication:payDemo:unspecified] AndroidManifest.xml:51:9-57:20
	android:screenOrientation
		ADDED from src\main\AndroidManifest.xml:268:13-47
	android:exported
		ADDED from src\main\AndroidManifest.xml:267:13-37
	android:windowSoftInputMode
		ADDED from src\main\AndroidManifest.xml:269:13-67
	android:configChanges
		ADDED from src\main\AndroidManifest.xml:266:13-85
	android:name
		ADDED from src\main\AndroidManifest.xml:265:13-60
activity#com.alipay.sdk.app.H5AuthActivity
ADDED from src\main\AndroidManifest.xml:271:9-277:20
	android:screenOrientation
		ADDED from src\main\AndroidManifest.xml:275:13-47
	android:exported
		ADDED from src\main\AndroidManifest.xml:274:13-37
	android:windowSoftInputMode
		ADDED from src\main\AndroidManifest.xml:276:13-67
	android:configChanges
		ADDED from src\main\AndroidManifest.xml:273:13-74
	android:name
		ADDED from src\main\AndroidManifest.xml:272:13-61
activity#com.share.learn.wxapi.WXPayEntryActivity
ADDED from src\main\AndroidManifest.xml:279:9-282:49
	android:launchMode
		ADDED from src\main\AndroidManifest.xml:282:17-47
	android:exported
		ADDED from src\main\AndroidManifest.xml:281:17-40
	android:name
		ADDED from src\main\AndroidManifest.xml:280:17-57
receiver#com.wxutils.AppRegister
ADDED from src\main\AndroidManifest.xml:284:9-289:20
	android:name
		ADDED from src\main\AndroidManifest.xml:285:17-55
intent-filter#com.tencent.mm.plugin.openapi.Intent.ACTION_REFRESH_WXAPP
ADDED from src\main\AndroidManifest.xml:286:13-288:29
action#com.tencent.mm.plugin.openapi.Intent.ACTION_REFRESH_WXAPP
ADDED from src\main\AndroidManifest.xml:287:17-100
	android:name
		ADDED from src\main\AndroidManifest.xml:287:25-97
service#com.download.update.DownloadService
ADDED from src\main\AndroidManifest.xml:292:9-295:19
	android:exported
		ADDED from src\main\AndroidManifest.xml:294:13-37
	android:name
		ADDED from src\main\AndroidManifest.xml:293:13-63
supports-screens
ADDED from [KZGitApplication:payDemo:unspecified] AndroidManifest.xml:19:5-24:39
	android:largeScreens
		ADDED from [KZGitApplication:payDemo:unspecified] AndroidManifest.xml:21:9-36
	android:smallScreens
		ADDED from [KZGitApplication:payDemo:unspecified] AndroidManifest.xml:24:9-36
	android:normalScreens
		ADDED from [KZGitApplication:payDemo:unspecified] AndroidManifest.xml:22:9-37
	android:resizeable
		ADDED from [KZGitApplication:payDemo:unspecified] AndroidManifest.xml:23:9-34
	android:anyDensity
		ADDED from [KZGitApplication:payDemo:unspecified] AndroidManifest.xml:20:9-34
activity#com.alipay.sdk.pay.demo.PayDemoActivity
ADDED from [KZGitApplication:payDemo:unspecified] AndroidManifest.xml:30:9-42:20
	android:label
		ADDED from [KZGitApplication:payDemo:unspecified] AndroidManifest.xml:33:13-45
	android:icon
		ADDED from [KZGitApplication:payDemo:unspecified] AndroidManifest.xml:32:13-46
	android:name
		ADDED from [KZGitApplication:payDemo:unspecified] AndroidManifest.xml:31:13-67
activity#com.alipay.sdk.pay.demo.H5PayDemoActivity
ADDED from [KZGitApplication:payDemo:unspecified] AndroidManifest.xml:43:9-48:20
	android:screenOrientation
		ADDED from [KZGitApplication:payDemo:unspecified] AndroidManifest.xml:47:13-47
	android:exported
		ADDED from [KZGitApplication:payDemo:unspecified] AndroidManifest.xml:46:13-37
	android:configChanges
		ADDED from [KZGitApplication:payDemo:unspecified] AndroidManifest.xml:45:13-74
	android:name
		ADDED from [KZGitApplication:payDemo:unspecified] AndroidManifest.xml:44:13-69